dam740
*   f98b452 final
|\  
| *   5efd0a4 Merge master into down
| |\  
| * | d3f4440 down 1
* | |   9475eff Merge up2 into master
|\ \ \  
| |_|/  
|/| |   
| * | fe29a4a up2 1
* | |   3d83df0 Merge up1 into master
|\ \ \  
| |/ /  
| | /   
| |/    
|/|     
| * 5123b8d up1 1
* | 963c0f2 master 2
|/  
* dc0f9b3 Master 1
yk1859
*   7e9f310 final
|\  
| *   eef56f3 Merge master into down
| |\  
| * | dd2e535 down first
* | |   b896458 Merge upup into master
|\ \ \  
| |_|/  
|/| |   
| * | 30e2a65 upup first
* | |   12abcf5 Merge up into master
|\ \ \  
| |/ /  
| | /   
| |/    
|/|     
| * b50b1e9 up first
* | 44e252c master scnd
|/  
* 305568c Master first commit
